[debug] [2026-02-03T12:37:10.827Z] ----------------------------------------------------------------------
[debug] [2026-02-03T12:37:10.834Z] Command:       /usr/bin/node /usr/local/bin/firebase init hosting --project oomiya-rengo
[debug] [2026-02-03T12:37:10.835Z] CLI Version:   15.5.1
[debug] [2026-02-03T12:37:10.835Z] Platform:      linux
[debug] [2026-02-03T12:37:10.836Z] Node Version:  v22.22.0
[debug] [2026-02-03T12:37:10.837Z] Time:          Tue Feb 03 2026 21:37:10 GMT+0900 (日本標準時)
[debug] [2026-02-03T12:37:10.837Z] ----------------------------------------------------------------------
[debug] 
[info] 
     ######## #### ########  ######## ########     ###     ######  ########
     ##        ##  ##     ## ##       ##     ##  ##   ##  ##       ##
     ######    ##  ########  ######   ########  #########  ######  ######
     ##        ##  ##    ##  ##       ##     ## ##     ##       ## ##
     ##       #### ##     ## ######## ########  ##     ##  ######  ########

You're about to initialize a Firebase project in this directory:

  /home/shin/rescue_operation

[info] 
=== Project Setup
[info] 
[info] First, let's associate this project directory with a Firebase project.
[info] You can create multiple project aliases by running firebase use --add, 
[info] 
[debug] [2026-02-03T12:37:11.375Z] > command requires scopes: ["email","openid","https://www.googleapis.com/auth/cloudplatformprojects.readonly","https://www.googleapis.com/auth/firebase","https://www.googleapis.com/auth/cloud-platform"]
[debug] [2026-02-03T12:37:11.376Z] > authorizing via signed-in user (evah6809@gmail.com)
[debug] [2026-02-03T12:37:11.376Z] Checked if tokens are valid: true, expires at: 1770124759535
[debug] [2026-02-03T12:37:11.377Z] Checked if tokens are valid: true, expires at: 1770124759535
[debug] [2026-02-03T12:37:11.377Z] >>> [apiv2][query] GET https://firebase.googleapis.com/v1beta1/projects/oomiya-rengo [none]
[debug] [2026-02-03T12:37:11.921Z] <<< [apiv2][status] GET https://firebase.googleapis.com/v1beta1/projects/oomiya-rengo 200
[debug] [2026-02-03T12:37:11.921Z] <<< [apiv2][body] GET https://firebase.googleapis.com/v1beta1/projects/oomiya-rengo {"projectId":"oomiya-rengo","projectNumber":"592354214024","displayName":"oomiya-rengo","name":"projects/oomiya-rengo","resources":{"hostingSite":"oomiya-rengo"},"state":"ACTIVE","etag":"1_85031dd9-d4dd-45f0-aa77-b38f6ab8ad44"}
[info] i  Using project oomiya-rengo (oomiya-rengo) . 
[info] 
=== Hosting Setup
[debug] [2026-02-03T12:37:11.995Z] Checked if tokens are valid: true, expires at: 1770124759535
[debug] [2026-02-03T12:37:11.995Z] Checked if tokens are valid: true, expires at: 1770124759535
[debug] [2026-02-03T12:37:11.995Z] >>> [apiv2][query] GET https://firebase.googleapis.com/v1beta1/projects/oomiya-rengo [none]
[debug] [2026-02-03T12:37:12.428Z] <<< [apiv2][status] GET https://firebase.googleapis.com/v1beta1/projects/oomiya-rengo 200
[debug] [2026-02-03T12:37:12.428Z] <<< [apiv2][body] GET https://firebase.googleapis.com/v1beta1/projects/oomiya-rengo {"projectId":"oomiya-rengo","projectNumber":"592354214024","displayName":"oomiya-rengo","name":"projects/oomiya-rengo","resources":{"hostingSite":"oomiya-rengo"},"state":"ACTIVE","etag":"1_85031dd9-d4dd-45f0-aa77-b38f6ab8ad44"}
[info] 
[info] Your public directory is the folder (relative to your project directory) that
[info] will contain Hosting assets to be uploaded with firebase deploy. If you
[info] have a build process for your assets, use your build's output directory.
[info] 
[debug] [2026-02-03T16:09:52.240Z] Error: setRawMode EIO
    at ReadStream.setRawMode (node:tty:81:24)
    at [_setRawMode] [as _setRawMode] (node:internal/readline/interface:377:18)
    at Interface.close (node:internal/readline/interface:527:24)
    at ReadStream.ontermend (node:internal/readline/interface:267:10)
    at ReadStream.emit (node:events:531:35)
    at endReadableNT (node:internal/streams/readable:1698:12)
    at process.processTicksAndRejections (node:internal/process/task_queues:90:21)
